2022-10-24 19:28:20.431  INFO 16552 --- [main] com.zerone.scms.ScmsApplication          : Starting ScmsApplication using Java 1.8.0_282 on OnlyForYou with PID 16552 (D:\Java全栈开发\Javatest\scms\target\classes started by LYQ in D:\Java全栈开发\Javatest\scms)
2022-10-24 19:28:20.447  INFO 16552 --- [main] com.zerone.scms.ScmsApplication          : No active profile set, falling back to 1 default profile: "default"
2022-10-24 19:28:22.815  INFO 16552 --- [main] o.s.b.w.embedded.tomcat.TomcatWebServer  : Tomcat initialized with port(s): 8181 (http)
2022-10-24 19:28:22.827  INFO 16552 --- [main] o.apache.catalina.core.StandardService   : Starting service [Tomcat]
2022-10-24 19:28:22.827  INFO 16552 --- [main] org.apache.catalina.core.StandardEngine  : Starting Servlet engine: [Apache Tomcat/9.0.65]
2022-10-24 19:28:22.951  INFO 16552 --- [main] o.a.c.c.C.[Tomcat].[localhost].[/]       : Initializing Spring embedded WebApplicationContext
2022-10-24 19:28:22.951  INFO 16552 --- [main] w.s.c.ServletWebServerApplicationContext : Root WebApplicationContext: initialization completed in 2383 ms
2022-10-24 19:28:23.894  INFO 16552 --- [main] o.s.s.web.DefaultSecurityFilterChain     : Will secure any request with [org.springframework.security.web.session.DisableEncodeUrlFilter@c77f93d7, org.springframework.security.web.context.request.async.WebAsyncManagerIntegrationFilter@36d39be8, org.springframework.security.web.context.SecurityContextPersistenceFilter@2b8e35ee, org.springframework.security.web.header.HeaderWriterFilter@e02be862, org.springframework.security.web.authentication.logout.LogoutFilter@3bacb8c2, org.springframework.security.web.authentication.UsernamePasswordAuthenticationFilter@ef08d3, org.springframework.security.web.savedrequest.RequestCacheAwareFilter@ad2b5702, org.springframework.security.web.servletapi.SecurityContextHolderAwareRequestFilter@9fbdb773, org.springframework.security.web.authentication.AnonymousAuthenticationFilter@87e418a4, org.springframework.security.web.session.SessionManagementFilter@e6cc06ec, org.springframework.security.web.access.ExceptionTranslationFilter@18737d3d, org.springframework.security.web.access.intercept.FilterSecurityInterceptor@1560223a]
2022-10-24 19:28:23.899  WARN 16552 --- [main] o.s.s.c.a.web.builders.WebSecurity       : You are asking Spring Security to ignore Ant [pattern='/login_page']. This is not recommended -- please use permitAll via HttpSecurity#authorizeHttpRequests instead.
2022-10-24 19:28:23.900  INFO 16552 --- [main] o.s.s.web.DefaultSecurityFilterChain     : Will not secure Ant [pattern='/login_page']
2022-10-24 19:28:23.900  WARN 16552 --- [main] o.s.s.c.a.web.builders.WebSecurity       : You are asking Spring Security to ignore Ant [pattern='/css/*']. This is not recommended -- please use permitAll via HttpSecurity#authorizeHttpRequests instead.
2022-10-24 19:28:23.900  INFO 16552 --- [main] o.s.s.web.DefaultSecurityFilterChain     : Will not secure Ant [pattern='/css/*']
2022-10-24 19:28:23.901  WARN 16552 --- [main] o.s.s.c.a.web.builders.WebSecurity       : You are asking Spring Security to ignore Ant [pattern='/js/*']. This is not recommended -- please use permitAll via HttpSecurity#authorizeHttpRequests instead.
2022-10-24 19:28:23.901  INFO 16552 --- [main] o.s.s.web.DefaultSecurityFilterChain     : Will not secure Ant [pattern='/js/*']
2022-10-24 19:28:23.901  WARN 16552 --- [main] o.s.s.c.a.web.builders.WebSecurity       : You are asking Spring Security to ignore Ant [pattern='/image/*']. This is not recommended -- please use permitAll via HttpSecurity#authorizeHttpRequests instead.
2022-10-24 19:28:23.901  INFO 16552 --- [main] o.s.s.web.DefaultSecurityFilterChain     : Will not secure Ant [pattern='/image/*']
2022-10-24 19:28:23.902  WARN 16552 --- [main] o.s.s.c.a.web.builders.WebSecurity       : You are asking Spring Security to ignore Ant [pattern='/fonts/*']. This is not recommended -- please use permitAll via HttpSecurity#authorizeHttpRequests instead.
2022-10-24 19:28:23.902  INFO 16552 --- [main] o.s.s.web.DefaultSecurityFilterChain     : Will not secure Ant [pattern='/fonts/*']
2022-10-24 19:28:23.902  WARN 16552 --- [main] o.s.s.c.a.web.builders.WebSecurity       : You are asking Spring Security to ignore Ant [pattern='/test/*']. This is not recommended -- please use permitAll via HttpSecurity#authorizeHttpRequests instead.
2022-10-24 19:28:23.903  INFO 16552 --- [main] o.s.s.web.DefaultSecurityFilterChain     : Will not secure Ant [pattern='/test/*']
2022-10-24 19:28:23.903  WARN 16552 --- [main] o.s.s.c.a.web.builders.WebSecurity       : You are asking Spring Security to ignore Ant [pattern='/test.html']. This is not recommended -- please use permitAll via HttpSecurity#authorizeHttpRequests instead.
2022-10-24 19:28:23.903  INFO 16552 --- [main] o.s.s.web.DefaultSecurityFilterChain     : Will not secure Ant [pattern='/test.html']
2022-10-24 19:28:24.188  INFO 16552 --- [main] o.s.b.a.w.s.WelcomePageHandlerMapping    : Adding welcome page: class path resource [static/index.html]
2022-10-24 19:28:24.623  INFO 16552 --- [main] o.s.b.w.embedded.tomcat.TomcatWebServer  : Tomcat started on port(s): 8181 (http) with context path ''
2022-10-24 19:28:24.636  INFO 16552 --- [main] com.zerone.scms.ScmsApplication          : Started ScmsApplication in 5.021 seconds (JVM running for 6.599)
2022-10-24 19:29:07.030  INFO 16552 --- [http-nio-8181-exec-1] o.a.c.c.C.[Tomcat].[localhost].[/]       : Initializing Spring DispatcherServlet 'dispatcherServlet'
2022-10-24 19:29:07.032  INFO 16552 --- [http-nio-8181-exec-1] o.s.web.servlet.DispatcherServlet        : Initializing Servlet 'dispatcherServlet'
2022-10-24 19:29:07.036  INFO 16552 --- [http-nio-8181-exec-1] o.s.web.servlet.DispatcherServlet        : Completed initialization in 4 ms
